<?xml version="1.0" encoding="UTF-8"?>
<!-- Generated by org.testng.reporters.JUnitReportReporter -->
<testsuite hostname="FEUJI-V004D" failures="0" tests="1" name="com.base.WebTest" time="1.721" errors="0" timestamp="2023-11-28T10:35:36 IST" skipped="0">
  <testcase classname="com.base.WebTest" name="login" time="1.721"/>
  <system-out/>
</testsuite> <!-- com.base.WebTest -->
