<?xml version="1.0" encoding="UTF-8"?>
<!-- Generated by org.testng.reporters.JUnitReportReporter -->
<testsuite hostname="FEUJI-V004D" failures="0" tests="1" name="com.base.WebTest" time="0.587" errors="0" timestamp="2023-11-27T12:37:36 IST" skipped="0">
  <testcase classname="com.base.WebTest" name="login" time="0.587"/>
  <system-out/>
</testsuite> <!-- com.base.WebTest -->
